0 info it worked if it ends with ok
1 verbose cli [ 'node', '/usr/local/bin/npm', 'install', 'fs', '-g' ]
2 info using npm@1.4.23
3 info using node@v0.10.31
4 verbose cache add [ 'fs', null ]
5 verbose cache add name=undefined spec="fs" args=["fs",null]
6 verbose parsed url { protocol: null,
6 verbose parsed url   slashes: null,
6 verbose parsed url   auth: null,
6 verbose parsed url   host: null,
6 verbose parsed url   port: null,
6 verbose parsed url   hostname: null,
6 verbose parsed url   hash: null,
6 verbose parsed url   search: null,
6 verbose parsed url   query: null,
6 verbose parsed url   pathname: 'fs',
6 verbose parsed url   path: 'fs',
6 verbose parsed url   href: 'fs' }
7 silly lockFile 3f4bb586-fs fs
8 verbose lock fs /Users/psmith/.npm/3f4bb586-fs.lock
9 silly lockFile 3f4bb586-fs fs
10 silly lockFile 3f4bb586-fs fs
11 verbose addNamed [ 'fs', '' ]
12 verbose addNamed [ null, '*' ]
13 silly lockFile a107b96b-fs fs@
14 verbose lock fs@ /Users/psmith/.npm/a107b96b-fs.lock
15 silly addNameRange { name: 'fs', range: '*', hasData: false }
16 verbose request where is /fs
17 verbose request registry https://registry.npmjs.org/
18 verbose request id d34dc2d2a9bc337e
19 verbose url raw /fs
20 verbose url resolving [ 'https://registry.npmjs.org/', './fs' ]
21 verbose url resolved https://registry.npmjs.org/fs
22 verbose request where is https://registry.npmjs.org/fs
23 info trying registry request attempt 1 at 16:04:34
24 http GET https://registry.npmjs.org/fs
25 http 404 https://registry.npmjs.org/fs
26 silly registry.get cb [ 404,
26 silly registry.get   { date: 'Sat, 30 Aug 2014 23:04:35 GMT',
26 silly registry.get     server: 'CouchDB/1.5.0 (Erlang OTP/R16B03)',
26 silly registry.get     etag: '"EKS8AI58K42FM10HDWI065KOK"',
26 silly registry.get     'content-type': 'application/json',
26 silly registry.get     'cache-control': 'max-age=0',
26 silly registry.get     'content-length': '397',
26 silly registry.get     'accept-ranges': 'bytes',
26 silly registry.get     via: '1.1 varnish',
26 silly registry.get     age: '0',
26 silly registry.get     'x-served-by': 'cache-lax1426-LAX',
26 silly registry.get     'x-cache': 'MISS',
26 silly registry.get     'x-cache-hits': '0',
26 silly registry.get     'x-timer': 'S1409439875.588570,VS0,VE315',
26 silly registry.get     vary: 'Accept',
26 silly registry.get     'keep-alive': 'timeout=10, max=50',
26 silly registry.get     connection: 'Keep-Alive' } ]
27 silly lockFile a107b96b-fs fs@
28 silly lockFile a107b96b-fs fs@
29 error 404 Not Found
29 error 404
29 error 404 'fs' is not in the npm registry.
29 error 404 You should bug the author to publish it
29 error 404
29 error 404 Note that you can also install from a
29 error 404 tarball, folder, or http url, or git url.
30 error System Darwin 13.1.0
31 error command "node" "/usr/local/bin/npm" "install" "fs" "-g"
32 error cwd /Users/psmith/Box Sync/catanclone
33 error node -v v0.10.31
34 error npm -v 1.4.23
35 error code E404
36 verbose exit [ 1, true ]
